NODE_ENV = development
RABBITMQ amqp://admin:admin123@172.17.0.1:5672
CWD = /home/node/app
IS_BUILD MODE = false
KEYCLOAK_CLIENT_ID: 5f2947dd-a3e7-4759-9f0b-4bd32e7898b8
BACKEND_URL: http://localhost:9000
MEDUSA_BACKEND_URL: http://localhost:9000
DATABASE_URL: postgres://medusa-starter:medusa-password@localhost:5432/medusa-starter
- Creating server
[32minfo[39m:    OTEL registered
[32minfo[39m:    No link to load from /home/node/app/node_modules/@medusajs/draft-order/.medusa/server/src/links. skipped.
[33mwarn[39m:    [Workflow-engine-redis] The `url` option is deprecated. Please use `redisUrl` instead for consistency with other modules.
[32minfo[39m:    Connection to Redis in module 'event-bus-redis' established
[32minfo[39m:    Connection to Redis in module 'cache-redis' established
[32minfo[39m:    Connection to Redis in "locking-redis" provider established
[32minfo[39m:    [Workflow-engine-redis] Connection to Redis in module 'workflow-engine-redis' established
[32minfo[39m:    [Workflow-engine-redis] Connection to Redis PubSub in module 'workflow-engine-redis' established
[32minfo[39m:    Medusa Event Bus injected via constructor
[32minfo[39m:    Connecting to RabbitMQ...
[32minfo[39m:    No workflow to load from /home/node/app/node_modules/@medusajs/draft-order/.medusa/server/src/workflows. skipped.
{
  __id: 'ihv48b0civg',
  __type: 'Symbol(WorkflowStepTransformer)',
  __resolver: [AsyncFunction: returnFn],
  __temporary_storage_key: null
}
[32minfo[39m:    No subscriber to load from /home/node/app/node_modules/@medusajs/draft-order/.medusa/server/src/subscribers. skipped.
RESEND_API_KEY is not set. Resend client will not be able to send emails.
[32minfo[39m:    No job to load from /home/node/app/node_modules/@medusajs/medusa/dist/jobs. skipped.
[32minfo[39m:    No job to load from /home/node/app/node_modules/@medusajs/draft-order/.medusa/server/src/jobs. skipped.
[32minfo[39m:    🟢 [DEBUG] ONE
[32minfo[39m:    Queue bound to exchange "tourism-exchange" with routing key "#"
[32minfo[39m:    RabbitMQ Event Bus is ready.
[32minfo[39m:    Conectado a RabbitMQ. Cola: commerce_sync_queue
✔ Server is ready on port: 9000 – 4440ms
[32minfo[39m:    Admin URL → http://localhost:9000/app
[32mhttp[39m:    GET /admin/notifications?limit=1&offset=0&fields=created_at ← http://localhost:9000/app/settings/regions (304) - 15.062 ms
[32mhttp[39m:    GET /admin/regions?fields=id,name,*payment_providers ← - (401) - 3.225 ms
[32mhttp[39m:    GET /admin/notifications?limit=1&offset=0&fields=created_at ← http://localhost:9000/app/settings/regions (304) - 10.352 ms
✅ REGION MIDDLEWARE HIT id,name,*payment_providers
[32mhttp[39m:    GET /admin/regions?fields=id,name,*payment_providers ← - (200) - 26.025 ms
[32mhttp[39m:    GET /admin/notifications?limit=1&offset=0&fields=created_at ← http://localhost:9000/app/settings/regions (304) - 9.041 ms
[32mhttp[39m:    GET /admin/regions/reg_01KJPM8Y241BE2EV9JB5HSF9K9?fields=id,name,*payment_providers ← - (401) - 3.549 ms
✅ REGION MIDDLEWARE HIT id,name,*payment_providers
[32mhttp[39m:    GET /admin/regions/reg_01KJPM8Y241BE2EV9JB5HSF9K9?fields=id,name,*payment_providers ← - (200) - 15.352 ms
[32mhttp[39m:    GET /admin/payment-providers ← - (404) - 5.507 ms
[32mhttp[39m:    GET /admin/notifications?limit=1&offset=0&fields=created_at ← http://localhost:9000/app/settings/regions (304) - 6.249 ms
[32mhttp[39m:    GET /admin/payments/payment-providers ← - (200) - 8.607 ms
[32mhttp[39m:    POST /admin/regions/reg_01KJPM8Y241BE2EV9JB5HSF9K9 ← - (200) - 90.970 ms
[32mhttp[39m:    POST /admin/regions/reg_01KJPM8Y241BE2EV9JB5HSF9K9?fields=id,name,*payment_providers ← - (401) - 1.745 ms
[32mhttp[39m:    POST /admin/regions/reg_01KJPM8Y241BE2EV9JB5HSF9K9?fields=id,name,*payment_providers ← - (200) - 40.456 ms
[32mhttp[39m:    GET /admin/notifications?limit=1&offset=0&fields=created_at ← http://localhost:9000/app/settings/regions (304) - 8.456 ms
[32mhttp[39m:    GET /admin/notifications?limit=1&offset=0&fields=created_at ← http://localhost:9000/app/settings/regions (304) - 6.170 ms
[32mhttp[39m:    GET /admin/notifications?limit=1&offset=0&fields=created_at ← http://localhost:9000/app/settings/regions (304) - 8.363 ms
[32mhttp[39m:    GET /admin/notifications?limit=1&offset=0&fields=created_at ← http://localhost:9000/app/settings/regions (304) - 13.450 ms
[32mhttp[39m:    GET /admin/notifications?limit=1&offset=0&fields=created_at ← http://localhost:9000/app/settings/regions (304) - 7.630 ms
[32mhttp[39m:    GET /admin/notifications?limit=1&offset=0&fields=created_at ← http://localhost:9000/app/settings/regions (304) - 7.284 ms
[32mhttp[39m:    GET /admin/notifications?limit=1&offset=0&fields=created_at ← http://localhost:9000/app/settings/regions (304) - 6.461 ms
[32mhttp[39m:    GET /admin/notifications?limit=1&offset=0&fields=created_at ← http://localhost:9000/app/settings/regions (304) - 7.767 ms
[32mhttp[39m:    GET /admin/notifications?limit=1&offset=0&fields=created_at ← http://localhost:9000/app/settings/regions (304) - 8.641 ms
[32mhttp[39m:    GET /admin/notifications?limit=1&offset=0&fields=created_at ← http://localhost:9000/app/settings/regions (304) - 5.449 ms
[32mhttp[39m:    GET /admin/notifications?limit=1&offset=0&fields=created_at ← http://localhost:9000/app/settings/regions (304) - 18.644 ms
[32mhttp[39m:    GET /admin/notifications?limit=1&offset=0&fields=created_at ← http://localhost:9000/app/settings/regions (304) - 5.843 ms
[32mhttp[39m:    GET /admin/notifications?limit=1&offset=0&fields=created_at ← http://localhost:9000/app/settings/regions (304) - 7.718 ms
[32mhttp[39m:    GET /admin/notifications?limit=1&offset=0&fields=created_at ← http://localhost:9000/app/settings/regions (304) - 5.630 ms
[32mhttp[39m:    GET /app/ ← - (304) - 49.258 ms
[32mhttp[39m:    GET /app/entry.jsx ← http://localhost:9000/app/ (304) - 7.368 ms
[32mhttp[39m:    GET /app/index.css ← http://localhost:9000/app/entry.jsx (304) - 4758.726 ms
[32mhttp[39m:    GET /admin/feature-flags ← http://localhost:9000/app/ (304) - 7.058 ms
[32mhttp[39m:    GET /admin/users/me ← http://localhost:9000/app/ (304) - 13.198 ms
[32mhttp[39m:    GET /admin/notifications?limit=1&offset=0&fields=created_at ← http://localhost:9000/app/ (304) - 65.965 ms
[32mhttp[39m:    GET /admin/products?q=&limit=3&fields=id%2Ctitle%2Cthumbnail%2C-type%2C-collection%2C-options%2C-tags%2C-images%2C-variants%2C-sales_channels ← http://localhost:9000/app/ (304) - 81.419 ms
[32mhttp[39m:    GET /admin/product-variants?q=&limit=3&fields=id%2Ctitle%2Csku%2Cproduct_id ← http://localhost:9000/app/ (304) - 49.202 ms
[32mhttp[39m:    GET /admin/product-categories?limit=3&fields=id%2Cname ← http://localhost:9000/app/ (304) - 84.134 ms
[32mhttp[39m:    GET /admin/orders?q=&limit=3&fields=id%2Cdisplay_id%2Cemail ← http://localhost:9000/app/ (304) - 147.802 ms
[32mhttp[39m:    GET /admin/stores ← http://localhost:9000/app/ (200) - 154.718 ms
[32mhttp[39m:    GET /admin/collections?q=&limit=3&fields=id%2Ctitle ← http://localhost:9000/app/ (304) - 18.401 ms
[32mhttp[39m:    GET /admin/customer-groups?q=&limit=3&fields=id%2Cname ← http://localhost:9000/app/ (304) - 18.860 ms
[32mhttp[39m:    GET /admin/customers?q=&limit=3&fields=id%2Cemail%2Cfirst_name%2Clast_name ← http://localhost:9000/app/ (304) - 33.422 ms
[32mhttp[39m:    GET /admin/promotions?q=&limit=3&fields=id%2Ccode%2Cstatus ← http://localhost:9000/app/ (304) - 16.751 ms
[32mhttp[39m:    GET /admin/inventory-items?q=&limit=3&fields=id%2Ctitle%2Csku ← http://localhost:9000/app/ (304) - 39.827 ms
✅ REGION MIDDLEWARE HIT id,name
[32mhttp[39m:    GET /admin/campaigns?q=&limit=3&fields=id%2Cname ← http://localhost:9000/app/ (304) - 25.599 ms
[32mhttp[39m:    GET /admin/price-lists?q=&limit=3&fields=id%2Ctitle ← http://localhost:9000/app/ (304) - 25.672 ms
[32mhttp[39m:    GET /admin/users?q=&limit=3&fields=id%2Cemail%2Cfirst_name%2Clast_name ← http://localhost:9000/app/ (304) - 46.538 ms
[32mhttp[39m:    GET /admin/tax-regions?q=&limit=3&fields=id%2Ccountry_code%2Cprovince_code ← http://localhost:9000/app/ (304) - 48.338 ms
[32mhttp[39m:    GET /admin/regions?q=&limit=3&fields=id%2Cname ← http://localhost:9000/app/ (304) - 54.963 ms
[32mhttp[39m:    GET /admin/return-reasons?q=&limit=3&fields=id%2Clabel%2Cvalue ← http://localhost:9000/app/ (304) - 44.182 ms
[32mhttp[39m:    GET /admin/product-types?q=&limit=3&fields=id%2Cvalue ← http://localhost:9000/app/ (304) - 35.439 ms
[32mhttp[39m:    GET /admin/sales-channels?q=&limit=3&fields=id%2Cname ← http://localhost:9000/app/ (304) - 41.567 ms
[32mhttp[39m:    GET /admin/product-tags?q=&limit=3&fields=id%2Cvalue ← http://localhost:9000/app/ (304) - 30.650 ms
[32mhttp[39m:    GET /admin/shipping-profiles?q=&limit=3&fields=id%2Cname ← http://localhost:9000/app/ (304) - 38.737 ms
[32mhttp[39m:    GET /admin/stock-locations?q=&limit=3&fields=id%2Cname ← http://localhost:9000/app/ (304) - 40.736 ms
✅ REGION MIDDLEWARE HIT id,name
[32mhttp[39m:    GET /admin/api-keys?q=&limit=3&fields=id%2Ctitle%2Credacted&type=publishable ← http://localhost:9000/app/ (304) - 36.492 ms
[32mhttp[39m:    GET /admin/api-keys?q=&limit=3&fields=id%2Ctitle%2Credacted&type=secret ← http://localhost:9000/app/ (304) - 47.200 ms
[32mhttp[39m:    GET /admin/regions?limit=1000&fields=id%2Cname ← http://localhost:9000/app/orders (304) - 35.262 ms
[32mhttp[39m:    GET /admin/orders?fields=id%2Cstatus%2Ccreated_at%2Cemail%2Cdisplay_id%2Ccustom_display_id%2Cpayment_status%2Cfulfillment_status%2Ctotal%2Ccurrency_code%2C%2Acustomer%2C%2Asales_channel%2C%2Apayment_collections&limit=20&offset=0&order=-created_at ← http://localhost:9000/app/orders (304) - 51.685 ms
[32mhttp[39m:    GET /admin/sales-channels?limit=1000&fields=id%2Cname ← http://localhost:9000/app/orders (304) - 30.962 ms
[32mhttp[39m:    GET /admin/sales-channels/sc_01KJPM8SNV0R54139989X6HFK2 ← http://localhost:9000/app/settings/store (304) - 23.533 ms
[32mhttp[39m:    GET /admin/currencies?code%5B0%5D=pen&code%5B1%5D=usd&limit=10&offset=0 ← http://localhost:9000/app/settings/store (304) - 24.111 ms
[32mhttp[39m:    GET /admin/price-preferences?attribute=currency_code&value%5B0%5D=pen&value%5B1%5D=usd ← http://localhost:9000/app/settings/store (304) - 25.431 ms
✅ REGION MIDDLEWARE HIT *payment_providers
[32mhttp[39m:    GET /admin/regions?limit=20&offset=0&fields=%2Apayment_providers ← http://localhost:9000/app/settings/regions (200) - 29.450 ms
[32mhttp[39m:    GET /app/entry.jsx?t=1772436067914 ← http://localhost:9000/app/@vite/client (200) - 247.440 ms
[32mhttp[39m:    GET /app/settings/regions ← http://localhost:9000/app/settings/regions (304) - 245.507 ms
[32mhttp[39m:    GET /app/index.css?t=1772436067914 ← http://localhost:9000/app/@vite/client (-) - - ms
[32mhttp[39m:    GET /app/index.css?t=1772436067915 ← http://localhost:9000/app/entry.jsx?t=1772436067914 (-) - - ms
[32mhttp[39m:    GET /app/index.css?t=1772436067913 ← http://localhost:9000/app/@vite/client (-) - - ms
[32mhttp[39m:    GET /app/entry.jsx ← http://localhost:9000/app/settings/regions (200) - 17.217 ms
[32mhttp[39m:    GET /app/index.css?t=1772436067915 ← http://localhost:9000/app/entry.jsx (200) - 6.341 ms
[32mhttp[39m:    GET /admin/feature-flags ← http://localhost:9000/app/settings/regions (304) - 6.731 ms
[32mhttp[39m:    GET /admin/users/me ← http://localhost:9000/app/settings/regions (304) - 9.860 ms
✅ REGION MIDDLEWARE HIT *payment_providers
[32mhttp[39m:    GET /admin/notifications?limit=1&offset=0&fields=created_at ← http://localhost:9000/app/settings/regions (304) - 64.640 ms
[32mhttp[39m:    GET /admin/product-variants?q=&limit=3&fields=id%2Ctitle%2Csku%2Cproduct_id ← http://localhost:9000/app/settings/regions (304) - 70.539 ms
[32mhttp[39m:    GET /admin/products?q=&limit=3&fields=id%2Ctitle%2Cthumbnail%2C-type%2C-collection%2C-options%2C-tags%2C-images%2C-variants%2C-sales_channels ← http://localhost:9000/app/settings/regions (304) - 74.258 ms
[32mhttp[39m:    GET /admin/product-categories?limit=3&fields=id%2Cname ← http://localhost:9000/app/settings/regions (304) - 72.536 ms
[32mhttp[39m:    GET /admin/orders?q=&limit=3&fields=id%2Cdisplay_id%2Cemail ← http://localhost:9000/app/settings/regions (304) - 95.299 ms
[32mhttp[39m:    GET /admin/regions?limit=20&offset=0&fields=%2Apayment_providers ← http://localhost:9000/app/settings/regions (304) - 139.088 ms
[32mhttp[39m:    GET /admin/customer-groups?q=&limit=3&fields=id%2Cname ← http://localhost:9000/app/settings/regions (304) - 38.644 ms
[32mhttp[39m:    GET /admin/inventory-items?q=&limit=3&fields=id%2Ctitle%2Csku ← http://localhost:9000/app/settings/regions (304) - 37.460 ms
[32mhttp[39m:    GET /admin/collections?q=&limit=3&fields=id%2Ctitle ← http://localhost:9000/app/settings/regions (304) - 46.875 ms
[32mhttp[39m:    GET /admin/customers?q=&limit=3&fields=id%2Cemail%2Cfirst_name%2Clast_name ← http://localhost:9000/app/settings/regions (304) - 45.872 ms
[32mhttp[39m:    GET /admin/promotions?q=&limit=3&fields=id%2Ccode%2Cstatus ← http://localhost:9000/app/settings/regions (304) - 18.984 ms
[32mhttp[39m:    GET /admin/campaigns?q=&limit=3&fields=id%2Cname ← http://localhost:9000/app/settings/regions (304) - 11.633 ms
✅ REGION MIDDLEWARE HIT id,name
[32mhttp[39m:    GET /admin/price-lists?q=&limit=3&fields=id%2Ctitle ← http://localhost:9000/app/settings/regions (304) - 16.936 ms
[32mhttp[39m:    GET /admin/users?q=&limit=3&fields=id%2Cemail%2Cfirst_name%2Clast_name ← http://localhost:9000/app/settings/regions (304) - 40.152 ms
[32mhttp[39m:    GET /admin/regions?q=&limit=3&fields=id%2Cname ← http://localhost:9000/app/settings/regions (304) - 42.663 ms
[32mhttp[39m:    GET /admin/return-reasons?q=&limit=3&fields=id%2Clabel%2Cvalue ← http://localhost:9000/app/settings/regions (304) - 42.203 ms
[32mhttp[39m:    GET /admin/tax-regions?q=&limit=3&fields=id%2Ccountry_code%2Cprovince_code ← http://localhost:9000/app/settings/regions (304) - 46.179 ms
[32mhttp[39m:    GET /admin/sales-channels?q=&limit=3&fields=id%2Cname ← http://localhost:9000/app/settings/regions (304) - 50.533 ms
[32mhttp[39m:    GET /admin/product-types?q=&limit=3&fields=id%2Cvalue ← http://localhost:9000/app/settings/regions (304) - 30.038 ms
[32mhttp[39m:    GET /admin/product-tags?q=&limit=3&fields=id%2Cvalue ← http://localhost:9000/app/settings/regions (304) - 26.322 ms
[32mhttp[39m:    GET /admin/shipping-profiles?q=&limit=3&fields=id%2Cname ← http://localhost:9000/app/settings/regions (304) - 28.053 ms
[32mhttp[39m:    GET /admin/stock-locations?q=&limit=3&fields=id%2Cname ← http://localhost:9000/app/settings/regions (304) - 31.419 ms
[32mhttp[39m:    GET /admin/api-keys?q=&limit=3&fields=id%2Ctitle%2Credacted&type=secret ← http://localhost:9000/app/settings/regions (304) - 25.683 ms
[32mhttp[39m:    GET /admin/api-keys?q=&limit=3&fields=id%2Ctitle%2Credacted&type=publishable ← http://localhost:9000/app/settings/regions (304) - 29.248 ms
[32mhttp[39m:    GET /app/entry.jsx?t=1772436078775 ← http://localhost:9000/app/@vite/client (200) - 198.889 ms
[32mhttp[39m:    GET /app/settings/regions ← http://localhost:9000/app/settings/regions (304) - 230.738 ms
[32mhttp[39m:    GET /app/index.css?t=1772436078776 ← http://localhost:9000/app/entry.jsx?t=1772436078775 (-) - - ms
[32mhttp[39m:    GET /app/index.css?t=1772436078775 ← http://localhost:9000/app/@vite/client (-) - - ms
[32mhttp[39m:    GET /app/entry.jsx ← http://localhost:9000/app/settings/regions (200) - 21.725 ms
[32mhttp[39m:    GET /app/index.css?t=1772436078776 ← http://localhost:9000/app/entry.jsx (200) - 3082.155 ms
[32mhttp[39m:    GET /admin/feature-flags ← http://localhost:9000/app/settings/regions (304) - 6.057 ms
[32mhttp[39m:    GET /admin/users/me ← http://localhost:9000/app/settings/regions (304) - 13.427 ms
✅ REGION MIDDLEWARE HIT *payment_providers
[32mhttp[39m:    GET /admin/notifications?limit=1&offset=0&fields=created_at ← http://localhost:9000/app/settings/regions (304) - 103.147 ms
[32mhttp[39m:    GET /admin/product-categories?limit=3&fields=id%2Cname ← http://localhost:9000/app/settings/regions (304) - 92.652 ms
[32mhttp[39m:    GET /admin/product-variants?q=&limit=3&fields=id%2Ctitle%2Csku%2Cproduct_id ← http://localhost:9000/app/settings/regions (304) - 97.672 ms
[32mhttp[39m:    GET /admin/products?q=&limit=3&fields=id%2Ctitle%2Cthumbnail%2C-type%2C-collection%2C-options%2C-tags%2C-images%2C-variants%2C-sales_channels ← http://localhost:9000/app/settings/regions (304) - 103.583 ms
[32mhttp[39m:    GET /admin/orders?q=&limit=3&fields=id%2Cdisplay_id%2Cemail ← http://localhost:9000/app/settings/regions (304) - 147.280 ms
[32mhttp[39m:    GET /admin/regions?limit=20&offset=0&fields=%2Apayment_providers ← http://localhost:9000/app/settings/regions (304) - 200.927 ms
[32mhttp[39m:    GET /admin/collections?q=&limit=3&fields=id%2Ctitle ← http://localhost:9000/app/settings/regions (304) - 60.650 ms
[32mhttp[39m:    GET /admin/customers?q=&limit=3&fields=id%2Cemail%2Cfirst_name%2Clast_name ← http://localhost:9000/app/settings/regions (304) - 60.716 ms
[32mhttp[39m:    GET /admin/customer-groups?q=&limit=3&fields=id%2Cname ← http://localhost:9000/app/settings/regions (304) - 46.227 ms
[32mhttp[39m:    GET /admin/promotions?q=&limit=3&fields=id%2Ccode%2Cstatus ← http://localhost:9000/app/settings/regions (304) - 51.525 ms
[32mhttp[39m:    GET /admin/inventory-items?q=&limit=3&fields=id%2Ctitle%2Csku ← http://localhost:9000/app/settings/regions (304) - 55.214 ms
✅ REGION MIDDLEWARE HIT id,name
[32mhttp[39m:    GET /admin/campaigns?q=&limit=3&fields=id%2Cname ← http://localhost:9000/app/settings/regions (304) - 61.639 ms
[32mhttp[39m:    GET /admin/price-lists?q=&limit=3&fields=id%2Ctitle ← http://localhost:9000/app/settings/regions (304) - 63.183 ms
[32mhttp[39m:    GET /admin/users?q=&limit=3&fields=id%2Cemail%2Cfirst_name%2Clast_name ← http://localhost:9000/app/settings/regions (304) - 63.608 ms
[32mhttp[39m:    GET /admin/regions?q=&limit=3&fields=id%2Cname ← http://localhost:9000/app/settings/regions (304) - 56.314 ms
[32mhttp[39m:    GET /admin/tax-regions?q=&limit=3&fields=id%2Ccountry_code%2Cprovince_code ← http://localhost:9000/app/settings/regions (304) - 48.060 ms
[32mhttp[39m:    GET /admin/return-reasons?q=&limit=3&fields=id%2Clabel%2Cvalue ← http://localhost:9000/app/settings/regions (304) - 48.104 ms
[32mhttp[39m:    GET /admin/sales-channels?q=&limit=3&fields=id%2Cname ← http://localhost:9000/app/settings/regions (304) - 35.917 ms
[32mhttp[39m:    GET /admin/product-tags?q=&limit=3&fields=id%2Cvalue ← http://localhost:9000/app/settings/regions (304) - 37.757 ms
[32mhttp[39m:    GET /admin/product-types?q=&limit=3&fields=id%2Cvalue ← http://localhost:9000/app/settings/regions (304) - 41.804 ms
[32mhttp[39m:    GET /admin/stock-locations?q=&limit=3&fields=id%2Cname ← http://localhost:9000/app/settings/regions (304) - 32.785 ms
[32mhttp[39m:    GET /admin/shipping-profiles?q=&limit=3&fields=id%2Cname ← http://localhost:9000/app/settings/regions (304) - 35.037 ms
[32mhttp[39m:    GET /admin/api-keys?q=&limit=3&fields=id%2Ctitle%2Credacted&type=publishable ← http://localhost:9000/app/settings/regions (304) - 26.486 ms
[32mhttp[39m:    GET /admin/api-keys?q=&limit=3&fields=id%2Ctitle%2Credacted&type=secret ← http://localhost:9000/app/settings/regions (304) - 28.514 ms
[32mhttp[39m:    GET /app/entry.jsx?t=1772436090606 ← http://localhost:9000/app/@vite/client (200) - 211.320 ms
[32mhttp[39m:    GET /app/settings/regions ← http://localhost:9000/app/settings/regions (304) - 214.707 ms
[32mhttp[39m:    GET /app/index.css?t=1772436090605 ← http://localhost:9000/app/@vite/client (-) - - ms
[32mhttp[39m:    GET /app/index.css?t=1772436090606 ← http://localhost:9000/app/@vite/client (-) - - ms
[32mhttp[39m:    GET /app/entry.jsx ← http://localhost:9000/app/settings/regions (200) - 20.543 ms
[32mhttp[39m:    GET /app/index.css?t=1772436090606 ← http://localhost:9000/app/entry.jsx (200) - 2758.681 ms
[32mhttp[39m:    GET /admin/feature-flags ← http://localhost:9000/app/settings/regions (304) - 6.537 ms
[32mhttp[39m:    GET /admin/users/me ← http://localhost:9000/app/settings/regions (304) - 8.102 ms
✅ REGION MIDDLEWARE HIT *payment_providers
[32mhttp[39m:    GET /admin/notifications?limit=1&offset=0&fields=created_at ← http://localhost:9000/app/settings/regions (304) - 40.643 ms
[32mhttp[39m:    GET /admin/product-variants?q=&limit=3&fields=id%2Ctitle%2Csku%2Cproduct_id ← http://localhost:9000/app/settings/regions (304) - 39.357 ms
[32mhttp[39m:    GET /admin/products?q=&limit=3&fields=id%2Ctitle%2Cthumbnail%2C-type%2C-collection%2C-options%2C-tags%2C-images%2C-variants%2C-sales_channels ← http://localhost:9000/app/settings/regions (304) - 49.324 ms
[32mhttp[39m:    GET /admin/orders?q=&limit=3&fields=id%2Cdisplay_id%2Cemail ← http://localhost:9000/app/settings/regions (304) - 63.082 ms
[32mhttp[39m:    GET /admin/regions?limit=20&offset=0&fields=%2Apayment_providers ← http://localhost:9000/app/settings/regions (304) - 87.305 ms
[32mhttp[39m:    GET /admin/product-categories?limit=3&fields=id%2Cname ← http://localhost:9000/app/settings/regions (304) - 34.173 ms
[32mhttp[39m:    GET /admin/collections?q=&limit=3&fields=id%2Ctitle ← http://localhost:9000/app/settings/regions (304) - 37.163 ms
[32mhttp[39m:    GET /admin/customers?q=&limit=3&fields=id%2Cemail%2Cfirst_name%2Clast_name ← http://localhost:9000/app/settings/regions (304) - 35.337 ms
[32mhttp[39m:    GET /admin/customer-groups?q=&limit=3&fields=id%2Cname ← http://localhost:9000/app/settings/regions (304) - 27.045 ms
[32mhttp[39m:    GET /admin/inventory-items?q=&limit=3&fields=id%2Ctitle%2Csku ← http://localhost:9000/app/settings/regions (304) - 26.705 ms
[32mhttp[39m:    GET /admin/promotions?q=&limit=3&fields=id%2Ccode%2Cstatus ← http://localhost:9000/app/settings/regions (304) - 22.810 ms
✅ REGION MIDDLEWARE HIT id,name
[32mhttp[39m:    GET /admin/campaigns?q=&limit=3&fields=id%2Cname ← http://localhost:9000/app/settings/regions (304) - 29.103 ms
[32mhttp[39m:    GET /admin/price-lists?q=&limit=3&fields=id%2Ctitle ← http://localhost:9000/app/settings/regions (304) - 29.626 ms
[32mhttp[39m:    GET /admin/users?q=&limit=3&fields=id%2Cemail%2Cfirst_name%2Clast_name ← http://localhost:9000/app/settings/regions (304) - 35.536 ms
[32mhttp[39m:    GET /admin/regions?q=&limit=3&fields=id%2Cname ← http://localhost:9000/app/settings/regions (304) - 34.510 ms
[32mhttp[39m:    GET /admin/tax-regions?q=&limit=3&fields=id%2Ccountry_code%2Cprovince_code ← http://localhost:9000/app/settings/regions (304) - 35.686 ms
[32mhttp[39m:    GET /admin/return-reasons?q=&limit=3&fields=id%2Clabel%2Cvalue ← http://localhost:9000/app/settings/regions (304) - 38.602 ms
[32mhttp[39m:    GET /admin/product-types?q=&limit=3&fields=id%2Cvalue ← http://localhost:9000/app/settings/regions (304) - 57.295 ms
[32mhttp[39m:    GET /admin/sales-channels?q=&limit=3&fields=id%2Cname ← http://localhost:9000/app/settings/regions (304) - 60.567 ms
[32mhttp[39m:    GET /admin/product-tags?q=&limit=3&fields=id%2Cvalue ← http://localhost:9000/app/settings/regions (304) - 43.178 ms
[32mhttp[39m:    GET /admin/stock-locations?q=&limit=3&fields=id%2Cname ← http://localhost:9000/app/settings/regions (304) - 44.036 ms
[32mhttp[39m:    GET /admin/shipping-profiles?q=&limit=3&fields=id%2Cname ← http://localhost:9000/app/settings/regions (304) - 50.935 ms
[32mhttp[39m:    GET /admin/api-keys?q=&limit=3&fields=id%2Ctitle%2Credacted&type=publishable ← http://localhost:9000/app/settings/regions (304) - 35.786 ms
[32mhttp[39m:    GET /admin/api-keys?q=&limit=3&fields=id%2Ctitle%2Credacted&type=secret ← http://localhost:9000/app/settings/regions (304) - 37.640 ms
[32mhttp[39m:    DELETE /auth/session ← http://localhost:9000/app/settings/regions (200) - 4.686 ms
[32mhttp[39m:    GET /admin/notifications?limit=1&offset=0&fields=created_at ← http://localhost:9000/app/settings/regions (401) - 10.438 ms
[32mhttp[39m:    GET /admin/regions?limit=20&offset=0&fields=%2Apayment_providers ← http://localhost:9000/app/settings/regions (401) - 11.512 ms
[32mhttp[39m:    GET /admin/orders?q=&limit=3&fields=id%2Cdisplay_id%2Cemail ← http://localhost:9000/app/settings/regions (401) - 11.094 ms
[32mhttp[39m:    GET /admin/products?q=&limit=3&fields=id%2Ctitle%2Cthumbnail%2C-type%2C-collection%2C-options%2C-tags%2C-images%2C-variants%2C-sales_channels ← http://localhost:9000/app/settings/regions (401) - 10.392 ms
[32mhttp[39m:    GET /admin/product-variants?q=&limit=3&fields=id%2Ctitle%2Csku%2Cproduct_id ← http://localhost:9000/app/settings/regions (401) - 11.969 ms
[32mhttp[39m:    GET /admin/product-categories?limit=3&fields=id%2Cname ← http://localhost:9000/app/settings/regions (401) - 19.383 ms
[32mhttp[39m:    GET /admin/collections?q=&limit=3&fields=id%2Ctitle ← http://localhost:9000/app/settings/regions (401) - 12.942 ms
[32mhttp[39m:    GET /admin/customers?q=&limit=3&fields=id%2Cemail%2Cfirst_name%2Clast_name ← http://localhost:9000/app/settings/regions (401) - 13.785 ms
[32mhttp[39m:    GET /admin/customer-groups?q=&limit=3&fields=id%2Cname ← http://localhost:9000/app/settings/regions (401) - 13.357 ms
[32mhttp[39m:    GET /admin/inventory-items?q=&limit=3&fields=id%2Ctitle%2Csku ← http://localhost:9000/app/settings/regions (401) - 12.538 ms
[32mhttp[39m:    GET /admin/promotions?q=&limit=3&fields=id%2Ccode%2Cstatus ← http://localhost:9000/app/settings/regions (401) - 11.810 ms
[32mhttp[39m:    GET /admin/campaigns?q=&limit=3&fields=id%2Cname ← http://localhost:9000/app/settings/regions (401) - 23.357 ms
[32mhttp[39m:    GET /admin/users?q=&limit=3&fields=id%2Cemail%2Cfirst_name%2Clast_name ← http://localhost:9000/app/settings/regions (401) - 8.198 ms
[32mhttp[39m:    GET /admin/price-lists?q=&limit=3&fields=id%2Ctitle ← http://localhost:9000/app/settings/regions (401) - 15.740 ms
[32mhttp[39m:    GET /admin/regions?q=&limit=3&fields=id%2Cname ← http://localhost:9000/app/settings/regions (401) - 18.925 ms
[32mhttp[39m:    GET /admin/tax-regions?q=&limit=3&fields=id%2Ccountry_code%2Cprovince_code ← http://localhost:9000/app/settings/regions (401) - 20.265 ms
[32mhttp[39m:    GET /admin/return-reasons?q=&limit=3&fields=id%2Clabel%2Cvalue ← http://localhost:9000/app/settings/regions (401) - 19.507 ms
[32mhttp[39m:    GET /admin/sales-channels?q=&limit=3&fields=id%2Cname ← http://localhost:9000/app/settings/regions (401) - 24.509 ms
[32mhttp[39m:    GET /admin/product-types?q=&limit=3&fields=id%2Cvalue ← http://localhost:9000/app/settings/regions (401) - 7.608 ms
[32mhttp[39m:    GET /admin/product-tags?q=&limit=3&fields=id%2Cvalue ← http://localhost:9000/app/settings/regions (401) - 15.171 ms
[32mhttp[39m:    GET /admin/stock-locations?q=&limit=3&fields=id%2Cname ← http://localhost:9000/app/settings/regions (401) - 10.230 ms
[32mhttp[39m:    GET /admin/shipping-profiles?q=&limit=3&fields=id%2Cname ← http://localhost:9000/app/settings/regions (401) - 9.343 ms
[32mhttp[39m:    GET /admin/api-keys?q=&limit=3&fields=id%2Ctitle%2Credacted&type=publishable ← http://localhost:9000/app/settings/regions (401) - 8.993 ms
[32mhttp[39m:    GET /cloud/auth ← http://localhost:9000/app/login (304) - 4.316 ms
[32mhttp[39m:    GET /admin/api-keys?q=&limit=3&fields=id%2Ctitle%2Credacted&type=secret ← http://localhost:9000/app/settings/regions (401) - 14.118 ms
[32mhttp[39m:    GET /app/entry.jsx?t=1772436104146 ← http://localhost:9000/app/@vite/client (200) - 13.387 ms
[32mhttp[39m:    GET /app/login ← http://localhost:9000/app/login (304) - 207.412 ms
[32mhttp[39m:    GET /app/index.css?t=1772436104147 ← http://localhost:9000/app/entry.jsx?t=1772436104146 (-) - - ms
[32mhttp[39m:    GET /app/index.css?t=1772436104146 ← http://localhost:9000/app/@vite/client (-) - - ms
[32mhttp[39m:    GET /app/entry.jsx ← http://localhost:9000/app/login (200) - 28.189 ms
[32mhttp[39m:    GET /app/index.css?t=1772436104147 ← http://localhost:9000/app/entry.jsx (200) - 2756.248 ms
[32mhttp[39m:    GET /admin/feature-flags ← http://localhost:9000/app/login (304) - 9.621 ms
[32mhttp[39m:    GET /cloud/auth ← http://localhost:9000/app/login (304) - 2.348 ms
[32mhttp[39m:    GET /app/entry.jsx?t=1772436114703 ← http://localhost:9000/app/@vite/client (200) - 9.176 ms
[32mhttp[39m:    GET /app/login ← http://localhost:9000/app/login (304) - 284.466 ms
[32mhttp[39m:    GET /app/index.css?t=1772436114704 ← http://localhost:9000/app/entry.jsx?t=1772436114703 (-) - - ms
[32mhttp[39m:    GET /app/index.css?t=1772436114703 ← http://localhost:9000/app/@vite/client (-) - - ms
[32mhttp[39m:    GET /app/entry.jsx ← http://localhost:9000/app/login (200) - 3.393 ms
[32mhttp[39m:    GET /app/index.css?t=1772436114704 ← http://localhost:9000/app/entry.jsx (200) - 2786.199 ms
[32mhttp[39m:    GET /admin/feature-flags ← http://localhost:9000/app/login (304) - 2.293 ms
[32mhttp[39m:    GET /cloud/auth ← http://localhost:9000/app/login (304) - 1.772 ms
[32mhttp[39m:    GET /app/entry.jsx?t=1772436125007 ← http://localhost:9000/app/@vite/client (200) - 175.702 ms
[32mhttp[39m:    GET /app/login ← http://localhost:9000/app/login (304) - 234.320 ms
[32mhttp[39m:    GET /app/index.css?t=1772436125006 ← http://localhost:9000/app/@vite/client (-) - - ms
[32mhttp[39m:    GET /app/index.css?t=1772436125007 ← http://localhost:9000/app/@vite/client (-) - - ms
[32mhttp[39m:    GET /app/entry.jsx ← http://localhost:9000/app/login (200) - 23.448 ms
[32mhttp[39m:    GET /app/index.css?t=1772436125007 ← http://localhost:9000/app/entry.jsx (200) - 2695.965 ms
[32mhttp[39m:    GET /admin/feature-flags ← http://localhost:9000/app/login (304) - 3.792 ms
[32mhttp[39m:    GET /cloud/auth ← http://localhost:9000/app/login (304) - 4.755 ms
[32mhttp[39m:    GET /app/entry.jsx?t=1772436135319 ← http://localhost:9000/app/@vite/client (200) - 184.504 ms
[32mhttp[39m:    GET /app/login ← http://localhost:9000/app/login (304) - 213.948 ms
[32mhttp[39m:    GET /app/index.css?t=1772436135319 ← http://localhost:9000/app/@vite/client (-) - - ms
[32mhttp[39m:    GET /app/index.css?t=1772436135318 ← http://localhost:9000/app/@vite/client (-) - - ms
[32mhttp[39m:    GET /app/entry.jsx ← http://localhost:9000/app/login (200) - 18.629 ms
[32mhttp[39m:    GET /app/index.css?t=1772436135319 ← http://localhost:9000/app/entry.jsx (200) - 3029.400 ms
[32mhttp[39m:    GET /admin/feature-flags ← http://localhost:9000/app/login (304) - 4.176 ms
[32mhttp[39m:    GET /cloud/auth ← http://localhost:9000/app/login (304) - 6.464 ms
[32mhttp[39m:    GET /app/entry.jsx?t=1772436146037 ← http://localhost:9000/app/@vite/client (200) - 9.432 ms
[32mhttp[39m:    GET /app/login ← http://localhost:9000/app/login (304) - 290.111 ms
[32mhttp[39m:    GET /app/index.css?t=1772436146038 ← http://localhost:9000/app/entry.jsx?t=1772436146037 (-) - - ms
[32mhttp[39m:    GET /app/index.css?t=1772436146037 ← http://localhost:9000/app/@vite/client (-) - - ms
[32mhttp[39m:    GET /app/entry.jsx ← http://localhost:9000/app/login (200) - 4.083 ms
[32mhttp[39m:    GET /app/index.css?t=1772436146038 ← http://localhost:9000/app/entry.jsx (200) - 4.459 ms
[32mhttp[39m:    GET /admin/feature-flags ← http://localhost:9000/app/login (304) - 1.615 ms
[32mhttp[39m:    GET /cloud/auth ← http://localhost:9000/app/login (304) - 2.493 ms
[32mhttp[39m:    GET /app/entry.jsx?t=1772436156236 ← http://localhost:9000/app/@vite/client (200) - 175.467 ms
[32mhttp[39m:    GET /app/login ← http://localhost:9000/app/login (304) - 223.537 ms
[32mhttp[39m:    GET /app/index.css?t=1772436156236 ← http://localhost:9000/app/@vite/client (-) - - ms
[32mhttp[39m:    GET /app/index.css?t=1772436156235 ← http://localhost:9000/app/@vite/client (-) - - ms
[32mhttp[39m:    GET /app/entry.jsx ← http://localhost:9000/app/login (200) - 13.966 ms
[32mhttp[39m:    GET /app/index.css?t=1772436156236 ← http://localhost:9000/app/entry.jsx (200) - 2673.159 ms
[32mhttp[39m:    GET /admin/feature-flags ← http://localhost:9000/app/login (304) - 5.145 ms
[32mhttp[39m:    GET /cloud/auth ← http://localhost:9000/app/login (304) - 3.300 ms
[32mhttp[39m:    GET /app/entry.jsx?t=1772436166354 ← http://localhost:9000/app/@vite/client (200) - 210.613 ms
[32mhttp[39m:    GET /app/login ← http://localhost:9000/app/login (304) - 336.500 ms
[32mhttp[39m:    GET /app/index.css?t=1772436166354 ← http://localhost:9000/app/@vite/client (-) - - ms
[32mhttp[39m:    GET /app/entry.jsx ← http://localhost:9000/app/login (200) - 23.198 ms
[32mhttp[39m:    GET /app/index.css?t=1772436166354 ← http://localhost:9000/app/entry.jsx (200) - 3249.902 ms
[32mhttp[39m:    GET /admin/feature-flags ← http://localhost:9000/app/login (304) - 12.684 ms
[32mhttp[39m:    GET /cloud/auth ← http://localhost:9000/app/login (304) - 1.869 ms
[32mhttp[39m:    GET /app/entry.jsx?t=1772436177575 ← http://localhost:9000/app/@vite/client (200) - 10.537 ms
[32mhttp[39m:    GET /app/login ← http://localhost:9000/app/login (304) - 228.774 ms
[32mhttp[39m:    GET /app/index.css?t=1772436177576 ← http://localhost:9000/app/entry.jsx?t=1772436177575 (-) - - ms
[32mhttp[39m:    GET /app/index.css?t=1772436177575 ← http://localhost:9000/app/@vite/client (-) - - ms
[32mhttp[39m:    GET /app/entry.jsx ← http://localhost:9000/app/login (200) - 233.258 ms
[32mhttp[39m:    GET /app/index.css?t=1772436177576 ← http://localhost:9000/app/entry.jsx (200) - 2652.870 ms
[32mhttp[39m:    GET /admin/feature-flags ← http://localhost:9000/app/login (304) - 4.915 ms
[32mhttp[39m:    GET /cloud/auth ← http://localhost:9000/app/login (304) - 3.953 ms
[32mhttp[39m:    GET /app/entry.jsx?t=1772436187795 ← http://localhost:9000/app/@vite/client (200) - 166.822 ms
[32mhttp[39m:    GET /app/login ← http://localhost:9000/app/login (304) - 205.801 ms
[32mhttp[39m:    GET /app/index.css?t=1772436187795 ← http://localhost:9000/app/@vite/client (-) - - ms
[32mhttp[39m:    GET /app/entry.jsx ← http://localhost:9000/app/login (200) - 16.864 ms
[32mhttp[39m:    GET /app/index.css?t=1772436187795 ← http://localhost:9000/app/entry.jsx (200) - 2722.140 ms
[32mhttp[39m:    GET /admin/feature-flags ← http://localhost:9000/app/login (304) - 6.120 ms
[32mhttp[39m:    GET /cloud/auth ← http://localhost:9000/app/login (304) - 4.928 ms
[32mhttp[39m:    GET /app/entry.jsx?t=1772436197834 ← http://localhost:9000/app/@vite/client (200) - 169.427 ms
[32mhttp[39m:    GET /app/login ← http://localhost:9000/app/login (304) - 200.504 ms
[32mhttp[39m:    GET /app/index.css?t=1772436197834 ← http://localhost:9000/app/@vite/client (-) - - ms
[32mhttp[39m:    GET /app/index.css?t=1772436197833 ← http://localhost:9000/app/@vite/client (-) - - ms
[32mhttp[39m:    GET /app/entry.jsx ← http://localhost:9000/app/login (200) - 13.104 ms
[32mhttp[39m:    GET /app/index.css?t=1772436197834 ← http://localhost:9000/app/entry.jsx (200) - 2876.296 ms
[32mhttp[39m:    GET /admin/feature-flags ← http://localhost:9000/app/login (304) - 3.602 ms
[32mhttp[39m:    GET /cloud/auth ← http://localhost:9000/app/login (304) - 2.898 ms
[32mhttp[39m:    GET /app/entry.jsx?t=1772436208223 ← http://localhost:9000/app/@vite/client (200) - 183.040 ms
[32mhttp[39m:    GET /app/login ← http://localhost:9000/app/login (304) - 216.541 ms
[32mhttp[39m:    GET /app/index.css?t=1772436208223 ← http://localhost:9000/app/@vite/client (-) - - ms
[32mhttp[39m:    GET /app/entry.jsx ← http://localhost:9000/app/login (200) - 17.687 ms
[32mhttp[39m:    GET /app/index.css?t=1772436208223 ← http://localhost:9000/app/entry.jsx (200) - 2742.941 ms
[32mhttp[39m:    GET /admin/feature-flags ← http://localhost:9000/app/login (304) - 4.196 ms
[32mhttp[39m:    GET /cloud/auth ← http://localhost:9000/app/login (304) - 2.078 ms
[32mhttp[39m:    GET /app/entry.jsx?t=1772436218336 ← http://localhost:9000/app/@vite/client (200) - 163.902 ms
[32mhttp[39m:    GET /app/login ← http://localhost:9000/app/login (304) - 201.469 ms
[32mhttp[39m:    GET /app/index.css?t=1772436218337 ← http://localhost:9000/app/entry.jsx?t=1772436218336 (-) - - ms
[32mhttp[39m:    GET /app/index.css?t=1772436218336 ← http://localhost:9000/app/@vite/client (-) - - ms
[32mhttp[39m:    GET /app/index.css?t=1772436218335 ← http://localhost:9000/app/@vite/client (-) - - ms
[32mhttp[39m:    GET /app/entry.jsx ← http://localhost:9000/app/login (200) - 11.876 ms
[32mhttp[39m:    GET /app/index.css?t=1772436218337 ← http://localhost:9000/app/entry.jsx (200) - 2671.532 ms
[32mhttp[39m:    GET /admin/feature-flags ← http://localhost:9000/app/login (304) - 2.856 ms
[32mhttp[39m:    GET /cloud/auth ← http://localhost:9000/app/login (304) - 3.926 ms
[32mhttp[39m:    GET /app/entry.jsx?t=1772436228434 ← http://localhost:9000/app/@vite/client (200) - 8.036 ms
[32mhttp[39m:    GET /app/login ← http://localhost:9000/app/login (304) - 307.862 ms
[32mhttp[39m:    GET /app/index.css?t=1772436228433 ← http://localhost:9000/app/@vite/client (-) - - ms
[32mhttp[39m:    GET /app/index.css?t=1772436228434 ← http://localhost:9000/app/@vite/client (-) - - ms
[32mhttp[39m:    GET /app/entry.jsx ← http://localhost:9000/app/login (200) - 4.590 ms
[32mhttp[39m:    GET /app/index.css?t=1772436228434 ← http://localhost:9000/app/entry.jsx (200) - 2935.096 ms
[32mhttp[39m:    GET /admin/feature-flags ← http://localhost:9000/app/login (304) - 3.695 ms
[32mhttp[39m:    GET /cloud/auth ← http://localhost:9000/app/login (304) - 3.997 ms
Killed
